<?xml version="1.0" encoding="UTF-8"?>
<robot generator="Robot 4.1.3 (Python 3.10.5 on win32)" generated="20221221 22:51:28.641" rpa="false" schemaversion="2">
<suite id="s1" name="Testcase" source="C:\Users\G525585\PycharmProjects\pythonProject1\test\testcase.robot">
<kw name="Open Browser" library="SeleniumLibrary" type="SETUP">
<arg>https://stackoverflow.com/</arg>
<arg>Chrome</arg>
<doc>Opens a new browser instance to the optional ``url``.</doc>
<msg timestamp="20221221 22:51:29.223" level="INFO">Opening browser 'Chrome' to base url 'https://stackoverflow.com/'.</msg>
<status status="PASS" starttime="20221221 22:51:29.222" endtime="20221221 22:51:38.460"/>
</kw>
<test id="s1-t1" name="Test Website 1">
<kw name="Go To" library="SeleniumLibrary">
<arg>https://meta.stackoverflow.com/</arg>
<doc>Navigates the current browser window to the provided ``url``.</doc>
<msg timestamp="20221221 22:51:38.464" level="INFO">Opening url 'https://meta.stackoverflow.com/'</msg>
<status status="PASS" starttime="20221221 22:51:38.463" endtime="20221221 22:51:40.125"/>
</kw>
<kw name="Sleep" library="BuiltIn">
<arg>5 seconds</arg>
<doc>Pauses the test executed for the given time.</doc>
<msg timestamp="20221221 22:51:45.129" level="INFO">Slept 5 seconds</msg>
<status status="PASS" starttime="20221221 22:51:40.126" endtime="20221221 22:51:45.129"/>
</kw>
<kw name="Log" library="BuiltIn">
<arg>Do test with same session cookies.</arg>
<doc>Logs the given message with the given level.</doc>
<msg timestamp="20221221 22:51:45.130" level="INFO">Do test with same session cookies.</msg>
<status status="PASS" starttime="20221221 22:51:45.130" endtime="20221221 22:51:45.130"/>
</kw>
<status status="PASS" starttime="20221221 22:51:38.460" endtime="20221221 22:51:45.131"/>
</test>
<test id="s1-t2" name="Test Website 2">
<kw name="Go To" library="SeleniumLibrary">
<arg>https://meta.stackexchange.com/</arg>
<doc>Navigates the current browser window to the provided ``url``.</doc>
<msg timestamp="20221221 22:51:45.136" level="INFO">Opening url 'https://meta.stackexchange.com/'</msg>
<status status="PASS" starttime="20221221 22:51:45.134" endtime="20221221 22:51:47.309"/>
</kw>
<kw name="Sleep" library="BuiltIn">
<arg>5 seconds</arg>
<doc>Pauses the test executed for the given time.</doc>
<msg timestamp="20221221 22:51:52.312" level="INFO">Slept 5 seconds</msg>
<status status="PASS" starttime="20221221 22:51:47.310" endtime="20221221 22:51:52.312"/>
</kw>
<kw name="Log" library="BuiltIn">
<arg>Do test with same session cookies.</arg>
<doc>Logs the given message with the given level.</doc>
<msg timestamp="20221221 22:51:52.314" level="INFO">Do test with same session cookies.</msg>
<status status="PASS" starttime="20221221 22:51:52.313" endtime="20221221 22:51:52.314"/>
</kw>
<status status="PASS" starttime="20221221 22:51:45.133" endtime="20221221 22:51:52.315"/>
</test>
<test id="s1-t3" name="Test Website 3">
<kw name="Go To" library="SeleniumLibrary">
<arg>https://gardening.stackexchange.com/</arg>
<doc>Navigates the current browser window to the provided ``url``.</doc>
<msg timestamp="20221221 22:51:52.318" level="INFO">Opening url 'https://gardening.stackexchange.com/'</msg>
<status status="PASS" starttime="20221221 22:51:52.317" endtime="20221221 22:51:53.418"/>
</kw>
<kw name="Sleep" library="BuiltIn">
<arg>5 seconds</arg>
<doc>Pauses the test executed for the given time.</doc>
<msg timestamp="20221221 22:51:58.421" level="INFO">Slept 5 seconds</msg>
<status status="PASS" starttime="20221221 22:51:53.419" endtime="20221221 22:51:58.421"/>
</kw>
<kw name="Log" library="BuiltIn">
<arg>Do test with same session cookies.</arg>
<doc>Logs the given message with the given level.</doc>
<msg timestamp="20221221 22:51:58.422" level="INFO">Do test with same session cookies.</msg>
<status status="PASS" starttime="20221221 22:51:58.422" endtime="20221221 22:51:58.422"/>
</kw>
<status status="PASS" starttime="20221221 22:51:52.316" endtime="20221221 22:51:58.423"/>
</test>
<test id="s1-t4" name="Test Website 4">
<kw name="Go To" library="SeleniumLibrary">
<arg>https://gardening.meta.stackexchange.com/</arg>
<doc>Navigates the current browser window to the provided ``url``.</doc>
<msg timestamp="20221221 22:51:58.427" level="INFO">Opening url 'https://gardening.meta.stackexchange.com/'</msg>
<status status="PASS" starttime="20221221 22:51:58.426" endtime="20221221 22:51:59.838"/>
</kw>
<kw name="Sleep" library="BuiltIn">
<arg>5 seconds</arg>
<doc>Pauses the test executed for the given time.</doc>
<msg timestamp="20221221 22:52:04.843" level="INFO">Slept 5 seconds</msg>
<status status="PASS" starttime="20221221 22:51:59.840" endtime="20221221 22:52:04.843"/>
</kw>
<kw name="Log" library="BuiltIn">
<arg>Do test with same session cookies.</arg>
<doc>Logs the given message with the given level.</doc>
<msg timestamp="20221221 22:52:04.844" level="INFO">Do test with same session cookies.</msg>
<status status="PASS" starttime="20221221 22:52:04.844" endtime="20221221 22:52:04.845"/>
</kw>
<status status="PASS" starttime="20221221 22:51:58.425" endtime="20221221 22:52:04.846"/>
</test>
<kw name="Close Browser" library="SeleniumLibrary" type="TEARDOWN">
<doc>Closes the current browser.</doc>
<status status="PASS" starttime="20221221 22:52:04.849" endtime="20221221 22:52:08.040"/>
</kw>
<status status="PASS" starttime="20221221 22:51:28.649" endtime="20221221 22:52:08.040"/>
</suite>
<statistics>
<total>
<stat pass="4" fail="0" skip="0">All Tests</stat>
</total>
<tag>
</tag>
<suite>
<stat pass="4" fail="0" skip="0" id="s1" name="Testcase">Testcase</stat>
</suite>
</statistics>
<errors>
</errors>
</robot>
